<?xml version="1.0" encoding="UTF-8"?>
<!-- Generated by org.testng.reporters.JUnitReportReporter -->
<testsuite skipped="0" hostname="SON04601" name="com.inetbanking.testCases.TC_LoginTest_001" tests="1" failures="0" timestamp="2020-07-21T10:14:51 EDT" time="1.974" errors="0">
  <testcase name="loginTest" time="1.974" classname="com.inetbanking.testCases.TC_LoginTest_001"/>
  <system-out/>
</testsuite> <!-- com.inetbanking.testCases.TC_LoginTest_001 -->
