<?xml version="1.0" encoding="UTF-8"?>
<!-- Generated by org.testng.reporters.JUnitReportReporter -->
<testsuite skipped="0" hostname="SON04601" name="com.inetbanking.testCases.TC_AddCustomerTest_003" tests="1" failures="0" timestamp="2020-07-25T16:48:54 EDT" time="14.750" errors="0">
  <testcase name="addNewCustomer" time="14.750" classname="com.inetbanking.testCases.TC_AddCustomerTest_003"/>
  <system-out/>
</testsuite> <!-- com.inetbanking.testCases.TC_AddCustomerTest_003 -->
