<?xml version="1.0" encoding="UTF-8"?>
<!-- Generated by org.testng.reporters.JUnitReportReporter -->
<testsuite skipped="0" hostname="SON04601" name="com.inetbanking.testCases.TC_LoginTest_001" tests="1" failures="0" timestamp="2020-07-25T16:48:54 EDT" time="4.458" errors="0">
  <testcase name="loginTest" time="4.458" classname="com.inetbanking.testCases.TC_LoginTest_001"/>
  <system-out/>
</testsuite> <!-- com.inetbanking.testCases.TC_LoginTest_001 -->
